<?xml version="1.0" encoding="UTF-8"?>
<!-- Generated by org.testng.reporters.JUnitReportReporter -->
<testsuite skipped="0" hostname="Praveen_246" name="DriverFactory.DataDrivenScript" tests="1" failures="0" timestamp="24 Jun 2021 12:50:46 GMT" time="70.422" errors="0">
  <testcase name="addSupplier" time="70.422" classname="DriverFactory.DataDrivenScript"/>
</testsuite> <!-- DriverFactory.DataDrivenScript -->
